<?xml version="1.0" encoding="UTF-8"?>
<!-- Generated by org.testng.reporters.JUnitXMLReporter -->
<testsuite hostname="IN-SCHADHA" name="Command line test" tests="3" failures="1" timestamp="14 Feb 2018 10:39:15 GMT" time="2.71" errors="0">
  <testcase name="getAPITestVerfiyUserDetails" time="1.84" classname="com.shray.automation.restapi.tests.GETRestTest"/>
  <testcase name="PostRestTestWithHeaders" time="0.001" classname="com.shray.automation.restapi.tests.POSTRestTest">
    <failure type="java.lang.Error" message="Unresolved compilation problems: 
	ObjectMapper cannot be resolved to a type
	ObjectMapper cannot be resolved to a type
">
      <![CDATA[java.lang.Error: Unresolved compilation problems: 
	ObjectMapper cannot be resolved to a type
	ObjectMapper cannot be resolved to a type

	at com.shray.automation.restapi.tests.POSTRestTest.PostRestTestWithHeaders(POSTRestTest.java:38)
... Removed 34 stack frames]]>
    </failure>
  </testcase> <!-- PostRestTestWithHeaders -->
  <testcase name="getAPITestVerfiyUserDetailsWithHeaders" time="0.845" classname="com.shray.automation.restapi.tests.GETRestTest"/>
</testsuite> <!-- Command line test -->
