<?xml version="1.0" encoding="UTF-8"?>
<testng-results skipped="0" failed="1" total="3" passed="2">
  <reporter-output>
  </reporter-output>
  <suite name="Command line suite" duration-ms="2710" started-at="2018-02-14T10:39:13Z" finished-at="2018-02-14T10:39:15Z">
    <groups>
    </groups>
    <test name="Command line test" duration-ms="2710" started-at="2018-02-14T10:39:13Z" finished-at="2018-02-14T10:39:15Z">
      <class name="com.shray.automation.restapi.tests.GETRestTest">
        <test-method status="PASS" signature="initialize()[pri:0, instance:com.shray.automation.restapi.tests.GETRestTest@4411d970]" name="initialize" is-config="true" duration-ms="14" started-at="2018-02-14T16:09:13Z" finished-at="2018-02-14T16:09:13Z">
          <reporter-output>
          </reporter-output>
        </test-method> <!-- initialize -->
        <test-method status="PASS" signature="getAPITestVerfiyUserDetails()[pri:0, instance:com.shray.automation.restapi.tests.GETRestTest@4411d970]" name="getAPITestVerfiyUserDetails" duration-ms="1840" started-at="2018-02-14T16:09:13Z" finished-at="2018-02-14T16:09:15Z">
          <reporter-output>
          </reporter-output>
        </test-method> <!-- getAPITestVerfiyUserDetails -->
        <test-method status="PASS" signature="getAPITestVerfiyUserDetailsWithHeaders()[pri:0, instance:com.shray.automation.restapi.tests.GETRestTest@4411d970]" name="getAPITestVerfiyUserDetailsWithHeaders" duration-ms="845" started-at="2018-02-14T16:09:15Z" finished-at="2018-02-14T16:09:15Z">
          <reporter-output>
          </reporter-output>
        </test-method> <!-- getAPITestVerfiyUserDetailsWithHeaders -->
      </class> <!-- com.shray.automation.restapi.tests.GETRestTest -->
      <class name="com.shray.automation.restapi.tests.POSTRestTest">
        <test-method status="FAIL" signature="PostRestTestWithHeaders()[pri:0, instance:com.shray.automation.restapi.tests.POSTRestTest@19dfb72a]" name="PostRestTestWithHeaders" duration-ms="1" started-at="2018-02-14T16:09:15Z" finished-at="2018-02-14T16:09:15Z">
          <exception class="java.lang.Error">
            <message>
              <![CDATA[Unresolved compilation problems: 
	ObjectMapper cannot be resolved to a type
	ObjectMapper cannot be resolved to a type
]]>
            </message>
            <full-stacktrace>
              <![CDATA[java.lang.Error: Unresolved compilation problems: 
	ObjectMapper cannot be resolved to a type
	ObjectMapper cannot be resolved to a type

	at com.shray.automation.restapi.tests.POSTRestTest.PostRestTestWithHeaders(POSTRestTest.java:38)
	at sun.reflect.NativeMethodAccessorImpl.invoke0(Native Method)
	at sun.reflect.NativeMethodAccessorImpl.invoke(Unknown Source)
	at sun.reflect.DelegatingMethodAccessorImpl.invoke(Unknown Source)
	at java.lang.reflect.Method.invoke(Unknown Source)
	at org.testng.internal.MethodInvocationHelper.invokeMethod(MethodInvocationHelper.java:84)
	at org.testng.internal.Invoker.invokeMethod(Invoker.java:714)
	at org.testng.internal.Invoker.invokeTestMethod(Invoker.java:901)
	at org.testng.internal.Invoker.invokeTestMethods(Invoker.java:1231)
	at org.testng.internal.TestMethodWorker.invokeTestMethods(TestMethodWorker.java:127)
	at org.testng.internal.TestMethodWorker.run(TestMethodWorker.java:111)
	at org.testng.TestRunner.privateRun(TestRunner.java:767)
	at org.testng.TestRunner.run(TestRunner.java:617)
	at org.testng.SuiteRunner.runTest(SuiteRunner.java:348)
	at org.testng.SuiteRunner.runSequentially(SuiteRunner.java:343)
	at org.testng.SuiteRunner.privateRun(SuiteRunner.java:305)
	at org.testng.SuiteRunner.run(SuiteRunner.java:254)
	at org.testng.SuiteRunnerWorker.runSuite(SuiteRunnerWorker.java:52)
	at org.testng.SuiteRunnerWorker.run(SuiteRunnerWorker.java:86)
	at org.testng.TestNG.runSuitesSequentially(TestNG.java:1224)
	at org.testng.TestNG.runSuitesLocally(TestNG.java:1149)
	at org.testng.TestNG.run(TestNG.java:1057)
	at org.apache.maven.surefire.testng.TestNGExecutor.run(TestNGExecutor.java:77)
	at org.apache.maven.surefire.testng.TestNGDirectoryTestSuite.executeMulti(TestNGDirectoryTestSuite.java:159)
	at org.apache.maven.surefire.testng.TestNGDirectoryTestSuite.execute(TestNGDirectoryTestSuite.java:99)
	at org.apache.maven.surefire.testng.TestNGProvider.invoke(TestNGProvider.java:106)
	at sun.reflect.NativeMethodAccessorImpl.invoke0(Native Method)
	at sun.reflect.NativeMethodAccessorImpl.invoke(Unknown Source)
	at sun.reflect.DelegatingMethodAccessorImpl.invoke(Unknown Source)
	at java.lang.reflect.Method.invoke(Unknown Source)
	at org.apache.maven.surefire.util.ReflectionUtils.invokeMethodWithArray(ReflectionUtils.java:189)
	at org.apache.maven.surefire.booter.ProviderFactory$ProviderProxy.invoke(ProviderFactory.java:165)
	at org.apache.maven.surefire.booter.ProviderFactory.invokeProvider(ProviderFactory.java:85)
	at org.apache.maven.surefire.booter.ForkedBooter.runSuitesInProcess(ForkedBooter.java:115)
	at org.apache.maven.surefire.booter.ForkedBooter.main(ForkedBooter.java:75)
]]>
            </full-stacktrace>
          </exception> <!-- java.lang.Error -->
          <reporter-output>
          </reporter-output>
        </test-method> <!-- PostRestTestWithHeaders -->
        <test-method status="PASS" signature="setup()[pri:0, instance:com.shray.automation.restapi.tests.POSTRestTest@19dfb72a]" name="setup" is-config="true" duration-ms="0" started-at="2018-02-14T16:09:15Z" finished-at="2018-02-14T16:09:15Z">
          <reporter-output>
          </reporter-output>
        </test-method> <!-- setup -->
      </class> <!-- com.shray.automation.restapi.tests.POSTRestTest -->
    </test> <!-- Command line test -->
  </suite> <!-- Command line suite -->
</testng-results>
