<?xml version="1.0" encoding="UTF-8"?>
<testng-results skipped="0" failed="0" total="1" passed="1">
  <reporter-output>
  </reporter-output>
  <suite name="Default suite" duration-ms="1851" started-at="2018-03-06T10:46:08Z" finished-at="2018-03-06T10:46:10Z">
    <groups>
    </groups>
    <test name="Default test" duration-ms="1851" started-at="2018-03-06T10:46:08Z" finished-at="2018-03-06T10:46:10Z">
      <class name="com.shray.automation.restapi.tests.POSTRestTest">
        <test-method status="PASS" signature="setup()[pri:0, instance:com.shray.automation.restapi.tests.POSTRestTest@1810399e]" name="setup" is-config="true" duration-ms="16" started-at="2018-03-06T16:16:08Z" finished-at="2018-03-06T16:16:08Z">
          <reporter-output>
          </reporter-output>
        </test-method> <!-- setup -->
        <test-method status="PASS" signature="PostRestTestWithHeaders()[pri:0, instance:com.shray.automation.restapi.tests.POSTRestTest@1810399e]" name="PostRestTestWithHeaders" duration-ms="1818" started-at="2018-03-06T16:16:08Z" finished-at="2018-03-06T16:16:10Z">
          <reporter-output>
          </reporter-output>
        </test-method> <!-- PostRestTestWithHeaders -->
      </class> <!-- com.shray.automation.restapi.tests.POSTRestTest -->
    </test> <!-- Default test -->
  </suite> <!-- Default suite -->
</testng-results>
